build/app/intermediates/manifest_merge_blame_file/debug/manifest-merger-blame-debug-report.txt
1<?xml version="1.0" encoding="utf-8"?>
2<manifest xmlns:android="http://schemas.android.com/apk/res/android"
3    package="com.example.blaghaty"
4    android:versionCode="1"
5    android:versionName="1.0.0" >
6
7    <uses-sdk
8        android:minSdkVersion="21"
9        android:targetSdkVersion="31" />
10    <!--
11         Flutter needs it to communicate with the running application
12         to allow setting breakpoints, to provide hot reload, etc.
13    -->
14    <uses-permission android:name="android.permission.INTERNET" />
14-->src\main\AndroidManifest.xml:4:5-67
14-->src\main\AndroidManifest.xml:4:22-64
15    <uses-permission android:name="android.permission.FOREGROUND_SERVICE" />
15-->[:geolocator_android] AndroidManifest.xml:7:5-77
15-->[:geolocator_android] AndroidManifest.xml:7:22-74
16    <uses-permission android:name="android.permission.ACCESS_NETWORK_STATE" />
16-->[com.google.firebase:firebase-auth:21.0.5] AndroidManifest.xml:24:5-79
16-->[com.google.firebase:firebase-auth:21.0.5] AndroidManifest.xml:24:22-76
17    <uses-permission android:name="android.permission.WAKE_LOCK" />
17-->[com.google.android.gms:play-services-measurement-api:21.0.0] AndroidManifest.xml:24:5-68
17-->[com.google.android.gms:play-services-measurement-api:21.0.0] AndroidManifest.xml:24:22-65
18    <uses-permission android:name="com.google.android.gms.permission.AD_ID" />
18-->[com.google.android.gms:play-services-measurement-api:21.0.0] AndroidManifest.xml:25:5-79
18-->[com.google.android.gms:play-services-measurement-api:21.0.0] AndroidManifest.xml:25:22-76
19    <uses-permission android:name="com.google.android.finsky.permission.BIND_GET_INSTALL_REFERRER_SERVICE" />
19-->[com.google.android.gms:play-services-measurement:21.0.0] AndroidManifest.xml:26:5-110
19-->[com.google.android.gms:play-services-measurement:21.0.0] AndroidManifest.xml:26:22-107
20
21    <application
22        android:name="android.app.Application"
23        android:appComponentFactory="androidx.core.app.CoreComponentFactory"
23-->[androidx.core:core:1.6.0] AndroidManifest.xml:24:18-86
24        android:debuggable="true"
25        android:icon="@mipmap/ic_launcher"
26        android:label="blaghaty" >
27        <activity
28            android:name="com.example.blaghaty.MainActivity"
29            android:configChanges="orientation|keyboardHidden|keyboard|screenSize|smallestScreenSize|locale|layoutDirection|fontScale|screenLayout|density|uiMode"
30            android:exported="true"
31            android:hardwareAccelerated="true"
32            android:launchMode="singleTop"
33            android:theme="@style/LaunchTheme"
34            android:windowSoftInputMode="adjustResize" >
35
36            <!--
37                 Specifies an Android theme to apply to this Activity as soon as
38                 the Android process has started. This theme is visible to the user
39                 while the Flutter UI initializes. After that, this theme continues
40                 to determine the Window background behind the Flutter UI.
41            -->
42            <meta-data
43                android:name="io.flutter.embedding.android.NormalTheme"
44                android:resource="@style/NormalTheme" />
45
46            <intent-filter>
47                <action android:name="android.intent.action.MAIN" />
48
49                <category android:name="android.intent.category.LAUNCHER" />
50            </intent-filter>
51        </activity>
52        <!--
53             Don't delete the meta-data below.
54             This is used by the Flutter tool to generate GeneratedPluginRegistrant.java
55        -->
56        <meta-data
57            android:name="flutterEmbedding"
58            android:value="2" />
59
60        <service
60-->[:firebase_auth] AndroidManifest.xml:8:9-12:19
61            android:name="com.google.firebase.components.ComponentDiscoveryService"
61-->[:firebase_auth] AndroidManifest.xml:8:18-89
62            android:directBootAware="true"
62-->[com.google.firebase:firebase-common:20.1.1] AndroidManifest.xml:35:13-43
63            android:exported="false" >
63-->[com.google.firebase:firebase-auth:21.0.5] AndroidManifest.xml:66:13-37
64            <meta-data
64-->[:firebase_auth] AndroidManifest.xml:9:13-11:85
65                android:name="com.google.firebase.components:io.flutter.plugins.firebase.auth.FlutterFirebaseAuthRegistrar"
65-->[:firebase_auth] AndroidManifest.xml:10:17-124
66                android:value="com.google.firebase.components.ComponentRegistrar" />
66-->[:firebase_auth] AndroidManifest.xml:11:17-82
67            <meta-data
67-->[:firebase_storage] AndroidManifest.xml:9:13-11:85
68                android:name="com.google.firebase.components:io.flutter.plugins.firebase.storage.FlutterFirebaseAppRegistrar"
68-->[:firebase_storage] AndroidManifest.xml:10:17-126
69                android:value="com.google.firebase.components.ComponentRegistrar" />
69-->[:firebase_storage] AndroidManifest.xml:11:17-82
70            <meta-data
70-->[:cloud_firestore] AndroidManifest.xml:9:13-11:85
71                android:name="com.google.firebase.components:io.flutter.plugins.firebase.firestore.FlutterFirebaseFirestoreRegistrar"
71-->[:cloud_firestore] AndroidManifest.xml:10:17-134
72                android:value="com.google.firebase.components.ComponentRegistrar" />
72-->[:cloud_firestore] AndroidManifest.xml:11:17-82
73            <meta-data
73-->[:firebase_core] AndroidManifest.xml:9:13-11:85
74                android:name="com.google.firebase.components:io.flutter.plugins.firebase.core.FlutterFirebaseCoreRegistrar"
74-->[:firebase_core] AndroidManifest.xml:10:17-124
75                android:value="com.google.firebase.components.ComponentRegistrar" />
75-->[:firebase_core] AndroidManifest.xml:11:17-82
76            <meta-data
76-->[com.google.firebase:firebase-auth:21.0.5] AndroidManifest.xml:67:13-69:85
77                android:name="com.google.firebase.components:com.google.firebase.auth.FirebaseAuthRegistrar"
77-->[com.google.firebase:firebase-auth:21.0.5] AndroidManifest.xml:68:17-109
78                android:value="com.google.firebase.components.ComponentRegistrar" />
78-->[com.google.firebase:firebase-auth:21.0.5] AndroidManifest.xml:69:17-82
79            <meta-data
79-->[com.google.firebase:firebase-firestore:24.1.2] AndroidManifest.xml:20:13-22:85
80                android:name="com.google.firebase.components:com.google.firebase.firestore.FirestoreRegistrar"
80-->[com.google.firebase:firebase-firestore:24.1.2] AndroidManifest.xml:21:17-111
81                android:value="com.google.firebase.components.ComponentRegistrar" />
81-->[com.google.firebase:firebase-firestore:24.1.2] AndroidManifest.xml:22:17-82
82            <meta-data
82-->[com.google.firebase:firebase-storage:20.0.1] AndroidManifest.xml:33:13-35:85
83                android:name="com.google.firebase.components:com.google.firebase.storage.StorageRegistrar"
83-->[com.google.firebase:firebase-storage:20.0.1] AndroidManifest.xml:34:17-107
84                android:value="com.google.firebase.components.ComponentRegistrar" />
84-->[com.google.firebase:firebase-storage:20.0.1] AndroidManifest.xml:35:17-82
85            <meta-data
85-->[com.google.android.gms:play-services-measurement-api:21.0.0] AndroidManifest.xml:31:13-33:85
86                android:name="com.google.firebase.components:com.google.firebase.analytics.connector.internal.AnalyticsConnectorRegistrar"
86-->[com.google.android.gms:play-services-measurement-api:21.0.0] AndroidManifest.xml:32:17-139
87                android:value="com.google.firebase.components.ComponentRegistrar" />
87-->[com.google.android.gms:play-services-measurement-api:21.0.0] AndroidManifest.xml:33:17-82
88            <meta-data
88-->[com.google.firebase:firebase-installations:17.0.1] AndroidManifest.xml:18:13-20:85
89                android:name="com.google.firebase.components:com.google.firebase.installations.FirebaseInstallationsRegistrar"
89-->[com.google.firebase:firebase-installations:17.0.1] AndroidManifest.xml:19:17-127
90                android:value="com.google.firebase.components.ComponentRegistrar" />
90-->[com.google.firebase:firebase-installations:17.0.1] AndroidManifest.xml:20:17-82
91        </service>
92        <service
92-->[:geolocator_android] AndroidManifest.xml:10:9-14:56
93            android:name="com.baseflow.geolocator.GeolocatorLocationService"
93-->[:geolocator_android] AndroidManifest.xml:11:13-77
94            android:enabled="true"
94-->[:geolocator_android] AndroidManifest.xml:12:13-35
95            android:exported="false"
95-->[:geolocator_android] AndroidManifest.xml:13:13-37
96            android:foregroundServiceType="location" />
96-->[:geolocator_android] AndroidManifest.xml:14:13-53
97
98        <provider
98-->[:image_picker_android] AndroidManifest.xml:8:9-16:20
99            android:name="io.flutter.plugins.imagepicker.ImagePickerFileProvider"
99-->[:image_picker_android] AndroidManifest.xml:9:13-82
100            android:authorities="com.example.blaghaty.flutter.image_provider"
100-->[:image_picker_android] AndroidManifest.xml:10:13-74
101            android:exported="false"
101-->[:image_picker_android] AndroidManifest.xml:11:13-37
102            android:grantUriPermissions="true" >
102-->[:image_picker_android] AndroidManifest.xml:12:13-47
103            <meta-data
103-->[:image_picker_android] AndroidManifest.xml:13:13-15:75
104                android:name="android.support.FILE_PROVIDER_PATHS"
104-->[:image_picker_android] AndroidManifest.xml:14:17-67
105                android:resource="@xml/flutter_image_picker_file_paths" />
105-->[:image_picker_android] AndroidManifest.xml:15:17-72
106        </provider>
107
108        <uses-library
108-->[androidx.window:window:1.0.0-beta04] AndroidManifest.xml:25:9-27:40
109            android:name="androidx.window.extensions"
109-->[androidx.window:window:1.0.0-beta04] AndroidManifest.xml:26:13-54
110            android:required="false" />
110-->[androidx.window:window:1.0.0-beta04] AndroidManifest.xml:27:13-37
111        <uses-library
111-->[androidx.window:window:1.0.0-beta04] AndroidManifest.xml:28:9-30:40
112            android:name="androidx.window.sidecar"
112-->[androidx.window:window:1.0.0-beta04] AndroidManifest.xml:29:13-51
113            android:required="false" />
113-->[androidx.window:window:1.0.0-beta04] AndroidManifest.xml:30:13-37
114
115        <activity
115-->[com.google.firebase:firebase-auth:21.0.5] AndroidManifest.xml:27:9-44:20
116            android:name="com.google.firebase.auth.internal.GenericIdpActivity"
116-->[com.google.firebase:firebase-auth:21.0.5] AndroidManifest.xml:28:13-80
117            android:excludeFromRecents="true"
117-->[com.google.firebase:firebase-auth:21.0.5] AndroidManifest.xml:29:13-46
118            android:exported="true"
118-->[com.google.firebase:firebase-auth:21.0.5] AndroidManifest.xml:30:13-36
119            android:launchMode="singleTask"
119-->[com.google.firebase:firebase-auth:21.0.5] AndroidManifest.xml:31:13-44
120            android:theme="@android:style/Theme.Translucent.NoTitleBar" >
120-->[com.google.firebase:firebase-auth:21.0.5] AndroidManifest.xml:32:13-72
121            <intent-filter>
121-->[com.google.firebase:firebase-auth:21.0.5] AndroidManifest.xml:33:13-43:29
122                <action android:name="android.intent.action.VIEW" />
122-->[com.google.firebase:firebase-auth:21.0.5] AndroidManifest.xml:34:17-69
122-->[com.google.firebase:firebase-auth:21.0.5] AndroidManifest.xml:34:25-66
123
124                <category android:name="android.intent.category.DEFAULT" />
124-->[com.google.firebase:firebase-auth:21.0.5] AndroidManifest.xml:36:17-76
124-->[com.google.firebase:firebase-auth:21.0.5] AndroidManifest.xml:36:27-73
125                <category android:name="android.intent.category.BROWSABLE" />
125-->[com.google.firebase:firebase-auth:21.0.5] AndroidManifest.xml:37:17-78
125-->[com.google.firebase:firebase-auth:21.0.5] AndroidManifest.xml:37:27-75
126
127                <data
127-->[com.google.firebase:firebase-auth:21.0.5] AndroidManifest.xml:39:17-42:51
128                    android:host="firebase.auth"
128-->[com.google.firebase:firebase-auth:21.0.5] AndroidManifest.xml:40:21-49
129                    android:path="/"
129-->[com.google.firebase:firebase-auth:21.0.5] AndroidManifest.xml:41:21-37
130                    android:scheme="genericidp" />
130-->[com.google.firebase:firebase-auth:21.0.5] AndroidManifest.xml:42:21-48
131            </intent-filter>
132        </activity>
133        <activity
133-->[com.google.firebase:firebase-auth:21.0.5] AndroidManifest.xml:45:9-62:20
134            android:name="com.google.firebase.auth.internal.RecaptchaActivity"
134-->[com.google.firebase:firebase-auth:21.0.5] AndroidManifest.xml:46:13-79
135            android:excludeFromRecents="true"
135-->[com.google.firebase:firebase-auth:21.0.5] AndroidManifest.xml:47:13-46
136            android:exported="true"
136-->[com.google.firebase:firebase-auth:21.0.5] AndroidManifest.xml:48:13-36
137            android:launchMode="singleTask"
137-->[com.google.firebase:firebase-auth:21.0.5] AndroidManifest.xml:49:13-44
138            android:theme="@android:style/Theme.Translucent.NoTitleBar" >
138-->[com.google.firebase:firebase-auth:21.0.5] AndroidManifest.xml:50:13-72
139            <intent-filter>
139-->[com.google.firebase:firebase-auth:21.0.5] AndroidManifest.xml:51:13-61:29
140                <action android:name="android.intent.action.VIEW" />
140-->[com.google.firebase:firebase-auth:21.0.5] AndroidManifest.xml:34:17-69
140-->[com.google.firebase:firebase-auth:21.0.5] AndroidManifest.xml:34:25-66
141
142                <category android:name="android.intent.category.DEFAULT" />
142-->[com.google.firebase:firebase-auth:21.0.5] AndroidManifest.xml:36:17-76
142-->[com.google.firebase:firebase-auth:21.0.5] AndroidManifest.xml:36:27-73
143                <category android:name="android.intent.category.BROWSABLE" />
143-->[com.google.firebase:firebase-auth:21.0.5] AndroidManifest.xml:37:17-78
143-->[com.google.firebase:firebase-auth:21.0.5] AndroidManifest.xml:37:27-75
144
145                <data
145-->[com.google.firebase:firebase-auth:21.0.5] AndroidManifest.xml:39:17-42:51
146                    android:host="firebase.auth"
146-->[com.google.firebase:firebase-auth:21.0.5] AndroidManifest.xml:40:21-49
147                    android:path="/"
147-->[com.google.firebase:firebase-auth:21.0.5] AndroidManifest.xml:41:21-37
148                    android:scheme="recaptcha" />
148-->[com.google.firebase:firebase-auth:21.0.5] AndroidManifest.xml:42:21-48
149            </intent-filter>
150        </activity>
151
152        <provider
152-->[com.google.firebase:firebase-common:20.1.1] AndroidManifest.xml:26:9-31:39
153            android:name="com.google.firebase.provider.FirebaseInitProvider"
153-->[com.google.firebase:firebase-common:20.1.1] AndroidManifest.xml:27:13-77
154            android:authorities="com.example.blaghaty.firebaseinitprovider"
154-->[com.google.firebase:firebase-common:20.1.1] AndroidManifest.xml:28:13-72
155            android:directBootAware="true"
155-->[com.google.firebase:firebase-common:20.1.1] AndroidManifest.xml:29:13-43
156            android:exported="false"
156-->[com.google.firebase:firebase-common:20.1.1] AndroidManifest.xml:30:13-37
157            android:initOrder="100" />
157-->[com.google.firebase:firebase-common:20.1.1] AndroidManifest.xml:31:13-36
158
159        <receiver
159-->[com.google.android.gms:play-services-measurement:21.0.0] AndroidManifest.xml:29:9-33:20
160            android:name="com.google.android.gms.measurement.AppMeasurementReceiver"
160-->[com.google.android.gms:play-services-measurement:21.0.0] AndroidManifest.xml:30:13-85
161            android:enabled="true"
161-->[com.google.android.gms:play-services-measurement:21.0.0] AndroidManifest.xml:31:13-35
162            android:exported="false" >
162-->[com.google.android.gms:play-services-measurement:21.0.0] AndroidManifest.xml:32:13-37
163        </receiver>
164
165        <service
165-->[com.google.android.gms:play-services-measurement:21.0.0] AndroidManifest.xml:35:9-38:40
166            android:name="com.google.android.gms.measurement.AppMeasurementService"
166-->[com.google.android.gms:play-services-measurement:21.0.0] AndroidManifest.xml:36:13-84
167            android:enabled="true"
167-->[com.google.android.gms:play-services-measurement:21.0.0] AndroidManifest.xml:37:13-35
168            android:exported="false" />
168-->[com.google.android.gms:play-services-measurement:21.0.0] AndroidManifest.xml:38:13-37
169        <service
169-->[com.google.android.gms:play-services-measurement:21.0.0] AndroidManifest.xml:39:9-43:72
170            android:name="com.google.android.gms.measurement.AppMeasurementJobService"
170-->[com.google.android.gms:play-services-measurement:21.0.0] AndroidManifest.xml:40:13-87
171            android:enabled="true"
171-->[com.google.android.gms:play-services-measurement:21.0.0] AndroidManifest.xml:41:13-35
172            android:exported="false"
172-->[com.google.android.gms:play-services-measurement:21.0.0] AndroidManifest.xml:42:13-37
173            android:permission="android.permission.BIND_JOB_SERVICE" />
173-->[com.google.android.gms:play-services-measurement:21.0.0] AndroidManifest.xml:43:13-69
174
175        <activity
175-->[com.google.android.gms:play-services-base:18.0.1] AndroidManifest.xml:20:9-22:45
176            android:name="com.google.android.gms.common.api.GoogleApiActivity"
176-->[com.google.android.gms:play-services-base:18.0.1] AndroidManifest.xml:20:19-85
177            android:exported="false"
177-->[com.google.android.gms:play-services-base:18.0.1] AndroidManifest.xml:22:19-43
178            android:theme="@android:style/Theme.Translucent.NoTitleBar" />
178-->[com.google.android.gms:play-services-base:18.0.1] AndroidManifest.xml:21:19-78
179
180        <meta-data
180-->[com.google.android.gms:play-services-basement:18.0.0] AndroidManifest.xml:21:9-23:69
181            android:name="com.google.android.gms.version"
181-->[com.google.android.gms:play-services-basement:18.0.0] AndroidManifest.xml:22:13-58
182            android:value="@integer/google_play_services_version" />
182-->[com.google.android.gms:play-services-basement:18.0.0] AndroidManifest.xml:23:13-66
183    </application>
184
185</manifest>